::1 - - [10/Jan/2024:17:10:13 +0000] "GET /users/ HTTP/1.1" 201 1504 "-" "PostmanRuntime/7.36.0"
::1 - - [10/Jan/2024:17:10:54 +0000] "DELETE /users/newone HTTP/1.1" 500 31 "-" "PostmanRuntime/7.36.0"
::1 - - [10/Jan/2024:17:26:43 +0000] "DELETE /users/newone HTTP/1.1" 500 31 "-" "PostmanRuntime/7.36.0"
::1 - - [10/Jan/2024:17:27:40 +0000] "DELETE /users/newone HTTP/1.1" 500 31 "-" "PostmanRuntime/7.36.0"
::1 - - [10/Jan/2024:17:27:59 +0000] "DELETE /users/ HTTP/1.1" 404 148 "-" "PostmanRuntime/7.36.0"
::1 - - [10/Jan/2024:17:28:04 +0000] "GET /users/ HTTP/1.1" 201 1504 "-" "PostmanRuntime/7.36.0"
::1 - - [10/Jan/2024:17:28:53 +0000] "DELETE /users/newone HTTP/1.1" 500 31 "-" "PostmanRuntime/7.36.0"
::1 - - [10/Jan/2024:17:29:30 +0000] "DELETE /users/newo HTTP/1.1" 500 31 "-" "PostmanRuntime/7.36.0"
::1 - - [10/Jan/2024:17:32:44 +0000] "DELETE /users/newo HTTP/1.1" 500 31 "-" "PostmanRuntime/7.36.0"
::1 - - [10/Jan/2024:17:32:47 +0000] "DELETE /users/ HTTP/1.1" 404 148 "-" "PostmanRuntime/7.36.0"
::1 - - [10/Jan/2024:17:32:53 +0000] "GET /users/ HTTP/1.1" 201 1504 "-" "PostmanRuntime/7.36.0"
::1 - - [10/Jan/2024:17:33:04 +0000] "DELETE /users/newone/ HTTP/1.1" 500 31 "-" "PostmanRuntime/7.36.0"
::1 - - [10/Jan/2024:17:33:10 +0000] "GET /users/newone HTTP/1.1" 201 167 "-" "PostmanRuntime/7.36.0"
::1 - - [10/Jan/2024:17:33:30 +0000] "DELETE /users/659daf8ddb70ad1bd08888bf HTTP/1.1" 500 31 "-" "PostmanRuntime/7.36.0"
::1 - - [10/Jan/2024:17:33:35 +0000] "GET /users/659daf8ddb70ad1bd08888bf HTTP/1.1" 201 4 "-" "PostmanRuntime/7.36.0"
::1 - - [10/Jan/2024:17:33:40 +0000] "GET /users/ HTTP/1.1" 201 1504 "-" "PostmanRuntime/7.36.0"
::1 - - [10/Jan/2024:17:41:52 +0000] "GET /users/ HTTP/1.1" 201 1504 "-" "PostmanRuntime/7.36.0"
::1 - - [10/Jan/2024:17:42:01 +0000] "DELETE /users/Andrew%20T HTTP/1.1" 500 31 "-" "PostmanRuntime/7.36.0"
::1 - - [10/Jan/2024:17:44:49 +0000] "DELETE /users/Andrew%20T HTTP/1.1" 500 31 "-" "PostmanRuntime/7.36.0"
::1 - - [10/Jan/2024:17:51:26 +0000] "DELETE /users/Andrew%20T HTTP/1.1" 500 31 "-" "PostmanRuntime/7.36.0"
::1 - - [10/Jan/2024:22:48:40 +0000] "GET /users/ HTTP/1.1" 201 1504 "-" "PostmanRuntime/7.36.0"
::1 - - [10/Jan/2024:22:49:55 +0000] "DELETE /users/newone HTTP/1.1" 200 17 "-" "PostmanRuntime/7.36.0"
::1 - - [10/Jan/2024:22:50:31 +0000] "GET /users/ HTTP/1.1" 201 1336 "-" "PostmanRuntime/7.36.0"
::1 - - [11/Jan/2024:20:26:12 +0000] "GET /movies HTTP/1.1" 401 - "-" "PostmanRuntime/7.36.0"
::1 - - [11/Jan/2024:20:30:41 +0000] "POST /users HTTP/1.1" 201 168 "-" "PostmanRuntime/7.36.0"
::1 - - [11/Jan/2024:20:33:59 +0000] "POST /users?Username=TheBoss&Password=large HTTP/1.1" 400 21 "-" "PostmanRuntime/7.36.0"
::1 - - [11/Jan/2024:20:38:50 +0000] "GET /movies HTTP/1.1" 201 12881 "-" "PostmanRuntime/7.36.0"
::1 - - [11/Jan/2024:20:40:24 +0000] "GET /users HTTP/1.1" 201 1505 "-" "PostmanRuntime/7.36.0"
::1 - - [11/Jan/2024:20:41:13 +0000] "GET /movies/Star%20Wars HTTP/1.1" 201 1513 "-" "PostmanRuntime/7.36.0"
::1 - - [11/Jan/2024:20:43:21 +0000] "GET /movies/genres/Adventure HTTP/1.1" 404 162 "-" "PostmanRuntime/7.36.0"
::1 - - [11/Jan/2024:20:43:27 +0000] "GET /movies/genre/Adventure HTTP/1.1" 404 161 "-" "PostmanRuntime/7.36.0"
::1 - - [11/Jan/2024:20:43:45 +0000] "GET /movies/genre/Gangster HTTP/1.1" 404 160 "-" "PostmanRuntime/7.36.0"
::1 - - [11/Jan/2024:20:43:49 +0000] "GET /movies/genres/Gangster HTTP/1.1" 404 161 "-" "PostmanRuntime/7.36.0"
::1 - - [11/Jan/2024:20:45:54 +0000] "GET /movies/directors/George%20Lucas HTTP/1.1" 201 1515 "-" "PostmanRuntime/7.36.0"
::1 - - [11/Jan/2024:20:47:20 +0000] "GET /movies/genres/Adventure HTTP/1.1" 404 162 "-" "PostmanRuntime/7.36.0"
::1 - - [11/Jan/2024:20:47:30 +0000] "GET /movies/genres/Gangster HTTP/1.1" 404 161 "-" "PostmanRuntime/7.36.0"
::1 - - [11/Jan/2024:20:48:10 +0000] "GET /movies/genres HTTP/1.1" 201 4 "-" "PostmanRuntime/7.36.0"
::1 - - [11/Jan/2024:20:48:14 +0000] "GET /movies HTTP/1.1" 201 12881 "-" "PostmanRuntime/7.36.0"
::1 - - [11/Jan/2024:20:49:15 +0000] "GET /movies HTTP/1.1" 201 12881 "-" "PostmanRuntime/7.36.0"
::1 - - [11/Jan/2024:20:49:36 +0000] "GET /user/TheBoss HTTP/1.1" 404 151 "-" "PostmanRuntime/7.36.0"
::1 - - [11/Jan/2024:20:49:50 +0000] "GET /user/Andrew%20T HTTP/1.1" 404 154 "-" "PostmanRuntime/7.36.0"
::1 - - [11/Jan/2024:20:49:56 +0000] "GET /users/Andrew%20T HTTP/1.1" 201 293 "-" "PostmanRuntime/7.36.0"
::1 - - [11/Jan/2024:20:50:43 +0000] "GET /movies HTTP/1.1" 201 12881 "-" "PostmanRuntime/7.36.0"
::1 - - [11/Jan/2024:20:52:05 +0000] "GET /movies/genres/Adventure HTTP/1.1" 404 162 "-" "PostmanRuntime/7.36.0"
::1 - - [11/Jan/2024:20:56:10 +0000] "GET /movies/genres/Gangster HTTP/1.1" 404 161 "-" "PostmanRuntime/7.36.0"
::1 - - [11/Jan/2024:20:57:56 +0000] "GET /genres/Gangster HTTP/1.1" 404 154 "-" "PostmanRuntime/7.36.0"
::1 - - [11/Jan/2024:20:58:05 +0000] "GET /movies/genres/Gangster HTTP/1.1" 500 44 "-" "PostmanRuntime/7.36.0"
::1 - - [11/Jan/2024:20:59:13 +0000] "GET /movies/genres/Gangster HTTP/1.1" 500 43 "-" "PostmanRuntime/7.36.0"
::1 - - [11/Jan/2024:20:59:30 +0000] "GET /movies/genres/Gangster HTTP/1.1" 500 77 "-" "PostmanRuntime/7.36.0"
::1 - - [11/Jan/2024:20:59:47 +0000] "GET /movies/genres/Gangster HTTP/1.1" 500 44 "-" "PostmanRuntime/7.36.0"
::1 - - [11/Jan/2024:21:01:43 +0000] "GET /movies/genres/Gangster HTTP/1.1" 201 3459 "-" "PostmanRuntime/7.36.0"
::1 - - [17/Jan/2024:16:20:14 +0000] "GET /users HTTP/1.1" 201 1505 "-" "PostmanRuntime/7.36.1"
::1 - - [17/Jan/2024:16:22:22 +0000] "DELETE /users/Andrew%20T HTTP/1.1" 400 17 "-" "PostmanRuntime/7.36.1"
::1 - - [17/Jan/2024:16:23:14 +0000] "GET /users HTTP/1.1" 201 1505 "-" "PostmanRuntime/7.36.1"
::1 - - [17/Jan/2024:16:26:02 +0000] "GET /users?Username=TheBoss&Password=large HTTP/1.1" 201 1505 "-" "PostmanRuntime/7.36.1"
::1 - - [17/Jan/2024:16:26:44 +0000] "DELETE /users/Andrew%20T HTTP/1.1" 400 17 "-" "PostmanRuntime/7.36.1"
::1 - - [17/Jan/2024:16:34:16 +0000] "GET /users HTTP/1.1" 401 - "-" "PostmanRuntime/7.36.1"
::1 - - [17/Jan/2024:16:40:20 +0000] "DELETE /users/Andrew%20T HTTP/1.1" 401 - "-" "PostmanRuntime/7.36.1"
::1 - - [17/Jan/2024:16:43:11 +0000] "DELETE /users/ HTTP/1.1" 404 148 "-" "PostmanRuntime/7.36.1"
::1 - - [17/Jan/2024:16:43:19 +0000] "GET /users/ HTTP/1.1" 401 - "-" "PostmanRuntime/7.36.1"
::1 - - [17/Jan/2024:16:53:41 +0000] "GET /users/ HTTP/1.1" 401 - "-" "PostmanRuntime/7.36.1"
::1 - - [17/Jan/2024:16:53:53 +0000] "GET /users/ HTTP/1.1" 401 - "-" "PostmanRuntime/7.36.1"
::1 - - [17/Jan/2024:16:54:35 +0000] "GET /users/?Username=Hashtest&Password=123456 HTTP/1.1" 401 - "-" "PostmanRuntime/7.36.1"
::1 - - [17/Jan/2024:16:54:43 +0000] "GET /users/?Username=Hashtest&Password=123456 HTTP/1.1" 401 - "-" "PostmanRuntime/7.36.1"
::1 - - [17/Jan/2024:16:55:57 +0000] "GET /users/ HTTP/1.1" 401 - "-" "PostmanRuntime/7.36.1"
::1 - - [17/Jan/2024:16:58:31 +0000] "GET /users HTTP/1.1" 401 - "-" "PostmanRuntime/7.36.1"
::1 - - [17/Jan/2024:17:01:39 +0000] "DELETE /users/Andrew%20T HTTP/1.1" 400 17 "-" "PostmanRuntime/7.36.1"
::1 - - [17/Jan/2024:17:02:04 +0000] "GET /users/Andrew%20T HTTP/1.1" 201 293 "-" "PostmanRuntime/7.36.1"
::1 - - [17/Jan/2024:17:02:21 +0000] "DELETE /users/Andrew%20T HTTP/1.1" 400 17 "-" "PostmanRuntime/7.36.1"
::1 - - [17/Jan/2024:17:02:32 +0000] "GET /users/ HTTP/1.1" 201 2632 "-" "PostmanRuntime/7.36.1"
::1 - - [17/Jan/2024:17:03:30 +0000] "DELETE /users/theBoss HTTP/1.1" 400 17 "-" "PostmanRuntime/7.36.1"
::1 - - [17/Jan/2024:17:03:44 +0000] "GET /users/theBoss HTTP/1.1" 201 4 "-" "PostmanRuntime/7.36.1"
::1 - - [17/Jan/2024:17:03:59 +0000] "GET /users/ HTTP/1.1" 201 2632 "-" "PostmanRuntime/7.36.1"
::1 - - [17/Jan/2024:17:04:32 +0000] "DELETE /users/Hashtest2 HTTP/1.1" 200 20 "-" "PostmanRuntime/7.36.1"
::1 - - [17/Jan/2024:17:06:08 +0000] "GET /movies/ HTTP/1.1" 401 - "-" "PostmanRuntime/7.36.1"
::1 - - [17/Jan/2024:17:06:26 +0000] "GET /users HTTP/1.1" 401 - "-" "PostmanRuntime/7.36.1"
::1 - - [17/Jan/2024:17:07:20 +0000] "GET /login?Username=TheBoss&Password=large HTTP/1.1" 404 144 "-" "PostmanRuntime/7.36.1"
::1 - - [17/Jan/2024:17:09:38 +0000] "GET /movies/directors/George%20Lucas HTTP/1.1" 201 1515 "-" "PostmanRuntime/7.36.1"
::1 - - [17/Jan/2024:17:10:53 +0000] "GET /movies/directors/ HTTP/1.1" 201 4 "-" "PostmanRuntime/7.36.1"
::1 - - [17/Jan/2024:17:10:56 +0000] "GET /movies/directors HTTP/1.1" 201 4 "-" "PostmanRuntime/7.36.1"
::1 - - [17/Jan/2024:17:11:02 +0000] "GET /movies/ HTTP/1.1" 201 12881 "-" "PostmanRuntime/7.36.1"
::1 - - [17/Jan/2024:17:12:04 +0000] "GET /genres HTTP/1.1" 404 145 "-" "PostmanRuntime/7.36.1"
::1 - - [17/Jan/2024:17:12:26 +0000] "GET /genres/Gangster HTTP/1.1" 404 154 "-" "PostmanRuntime/7.36.1"
::1 - - [17/Jan/2024:17:12:34 +0000] "GET /movies/genres/Gangster HTTP/1.1" 201 3459 "-" "PostmanRuntime/7.36.1"
::1 - - [17/Jan/2024:17:13:56 +0000] "GET /movies/genres/ HTTP/1.1" 201 4 "-" "PostmanRuntime/7.36.1"
::1 - - [17/Jan/2024:17:13:59 +0000] "GET /movies/genres HTTP/1.1" 201 4 "-" "PostmanRuntime/7.36.1"
::1 - - [17/Jan/2024:17:14:02 +0000] "GET /movies/genre HTTP/1.1" 201 4 "-" "PostmanRuntime/7.36.1"
::1 - - [17/Jan/2024:17:14:13 +0000] "GET /genres HTTP/1.1" 404 145 "-" "PostmanRuntime/7.36.1"
::1 - - [17/Jan/2024:17:14:19 +0000] "GET /genres/ HTTP/1.1" 404 146 "-" "PostmanRuntime/7.36.1"
::1 - - [17/Jan/2024:17:14:42 +0000] "GET /movies/Star%20Wars HTTP/1.1" 201 1513 "-" "PostmanRuntime/7.36.1"
::1 - - [17/Jan/2024:17:15:26 +0000] "GET /users/Andrew%20T HTTP/1.1" 201 293 "-" "PostmanRuntime/7.36.1"
::1 - - [17/Jan/2024:17:15:32 +0000] "GET /users/ HTTP/1.1" 201 2632 "-" "PostmanRuntime/7.36.1"
::1 - - [17/Jan/2024:17:16:35 +0000] "GET /users/TheBossnewone HTTP/1.1" 201 228 "-" "PostmanRuntime/7.36.1"
::1 - - [17/Jan/2024:17:17:30 +0000] "GET /users/ HTTP/1.1" 201 2632 "-" "PostmanRuntime/7.36.1"
::1 - - [17/Jan/2024:17:17:47 +0000] "GET /users/TheBossnewone HTTP/1.1" 201 228 "-" "PostmanRuntime/7.36.1"
::1 - - [17/Jan/2024:17:23:04 +0000] "POST /movies HTTP/1.1" 404 146 "-" "PostmanRuntime/7.36.1"
::1 - - [17/Jan/2024:17:23:08 +0000] "GET /movies HTTP/1.1" 201 12881 "-" "PostmanRuntime/7.36.1"
::1 - - [17/Jan/2024:17:24:30 +0000] "GET /users/Hashtest3 HTTP/1.1" 201 227 "-" "PostmanRuntime/7.36.1"
::1 - - [17/Jan/2024:17:31:29 +0000] "GET /users/ HTTP/1.1" 201 2632 "-" "PostmanRuntime/7.36.1"
::1 - - [17/Jan/2024:17:32:38 +0000] "POST /users/Hashtest3/movies/659c50ff912d3fe294d252e6 HTTP/1.1" 200 253 "-" "PostmanRuntime/7.36.1"
::1 - - [17/Jan/2024:17:34:18 +0000] "DELETE /users/Hashtest3/movies/659c50ff912d3fe294d252e6 HTTP/1.1" 404 189 "-" "PostmanRuntime/7.36.1"
::1 - - [17/Jan/2024:17:35:48 +0000] "GET /users/Hashtest3 HTTP/1.1" 201 253 "-" "PostmanRuntime/7.36.1"
::1 - - [17/Jan/2024:17:36:17 +0000] "DELETE /users/Hashtest3/movies/659c50ff912d3fe294d252e6 HTTP/1.1" 404 189 "-" "PostmanRuntime/7.36.1"
::1 - - [17/Jan/2024:17:36:29 +0000] "GET /users/Hashtest3 HTTP/1.1" 201 253 "-" "PostmanRuntime/7.36.1"
::1 - - [17/Jan/2024:17:37:15 +0000] "DELETE /users/Hashtest3 HTTP/1.1" 200 20 "-" "PostmanRuntime/7.36.1"
::1 - - [17/Jan/2024:17:37:27 +0000] "GET /users/Hashtest3 HTTP/1.1" 401 - "-" "PostmanRuntime/7.36.1"
